[www.genesisblockchain.io/index.html]
[backblue.gif]
[fade.gif]
[index.html]
[uploads-ssl.webflow.com/5d08d9cdd5102a87dd060dc4/css/genesisblockchain.webflow.11a1ac163.css]
[ajax.googleapis.com/ajax/libs/webfont/1.6.26/webfont.js]
[uploads-ssl.webflow.com/5d08d9cdd5102a87dd060dc4/5d275d75dd9c313563670ae4_favicon-32.png]
[uploads-ssl.webflow.com/5d08d9cdd5102a87dd060dc4/5d275d85a29990587e2de6cb_favicon-256.png]
[www.genesisblockchain.io/index.html]
[uploads-ssl.webflow.com/5d08d9cdd5102a87dd060dc4/js/webflow.ad7ed69e3.js]
[d3e54v103j8qbb.cloudfront.net/js/jquery-3.5.1.min.dc5e7f18c8706a.js]
[uploads-ssl.webflow.com/5d08d9cdd5102a87dd060dc4/5d31b846865f44233ca02ee2_c-Strategic Advisory.jpg]
[uploads-ssl.webflow.com/5d08d9cdd5102a87dd060dc4/5d31b846f970ee5f3f17d432_c-Regulatory Advisory.jpg]
[uploads-ssl.webflow.com/5d08d9cdd5102a87dd060dc4/5d31b847865f445c63a02ee9_c-Relationship Advisory.jpg]
[uploads-ssl.webflow.com/5d08d9cdd5102a87dd060dc4/5d31b84690eed38a0fcbd5e3_c-Asset Management.jpg]
[uploads-ssl.webflow.com/5d08d9cdd5102a87dd060dc4/5d31b84790eed35c11cbd5e5_c-Strategic Partnerships.jpg]
[uploads-ssl.webflow.com/5d08d9cdd5102a87dd060dc4/5d31b846865f4431b6a02ee1_c-Investment Banking Services.jpg]
[uploads-ssl.webflow.com/5d08d9cdd5102a87dd060dc4/5d31b847865f44894aa02ee3_c-Product Diligence.jpg]
[uploads-ssl.webflow.com/5d08d9cdd5102a87dd060dc4/5d31b84690eed39a2ecbd5e2_c-Product Implementation.jpg]
[uploads-ssl.webflow.com/5d08d9cdd5102a87dd060dc4/css/genesisblockchain.webflow.11a1ac163.css]
